<?xml version="1.0" encoding="UTF-8"?>
<!-- Generated by org.testng.reporters.JUnitXMLReporter -->
<testsuite hostname="DESKTOP-HNAEA5M" ignored="0" name="ChromeTest" tests="4" failures="1" timestamp="26 Jul 2017 14:38:13 GMT" time="245.267" errors="0">
  <testcase name="EachLetter" time="100.568" classname="script.OutLetRod"/>
  <testcase name="infieldClickable" time="22.513" classname="script.OutLetRod"/>
  <testcase name="space" time="8.816" classname="script.OutLetRod"/>
  <testcase name="http" time="0.349" classname="script.OutLetRod">
    <failure type="java.lang.AssertionError" message="null">
      <![CDATA[java.lang.AssertionError: null
	at script.OutLetRod.http(OutLetRod.java:188)
	at java.util.concurrent.FutureTask.run(Unknown Source)
	at java.util.concurrent.ThreadPoolExecutor.runWorker(Unknown Source)
	at java.util.concurrent.ThreadPoolExecutor$Worker.run(Unknown Source)
	at java.lang.Thread.run(Unknown Source)
... Removed 18 stack frames]]>
    </failure>
  </testcase> <!-- http -->
</testsuite> <!-- ChromeTest -->
